d:\faculta\oop projects\lab 5-6\lab 5-6\x64\debug\vc140.pdb
d:\faculta\oop projects\lab 5-6\lab 5-6\x64\debug\vc140.idb
d:\faculta\oop projects\lab 5-6\lab 5-6\x64\debug\controller.obj
d:\faculta\oop projects\lab 5-6\lab 5-6\x64\debug\dynamicarray.obj
d:\faculta\oop projects\lab 5-6\lab 5-6\x64\debug\exceptions.obj
d:\faculta\oop projects\lab 5-6\lab 5-6\x64\debug\movie.obj
d:\faculta\oop projects\lab 5-6\lab 5-6\x64\debug\repository.obj
d:\faculta\oop projects\lab 5-6\lab 5-6\x64\debug\tests.obj
d:\faculta\oop projects\lab 5-6\lab 5-6\x64\debug\watchlist.obj
d:\faculta\oop projects\lab 5-6\lab 5-6\x64\debug\ui.obj
d:\faculta\oop projects\lab 5-6\lab 5-6\x64\debug\main.obj
d:\faculta\oop projects\lab 5-6\x64\debug\laboratory5-6.ilk
d:\faculta\oop projects\lab 5-6\x64\debug\laboratory5-6.exe
d:\faculta\oop projects\lab 5-6\x64\debug\laboratory5-6.pdb
d:\faculta\oop projects\lab 5-6\lab 5-6\x64\debug\laboratory5-6.tlog\cl.command.1.tlog
d:\faculta\oop projects\lab 5-6\lab 5-6\x64\debug\laboratory5-6.tlog\cl.read.1.tlog
d:\faculta\oop projects\lab 5-6\lab 5-6\x64\debug\laboratory5-6.tlog\cl.write.1.tlog
d:\faculta\oop projects\lab 5-6\lab 5-6\x64\debug\laboratory5-6.tlog\link.command.1.tlog
d:\faculta\oop projects\lab 5-6\lab 5-6\x64\debug\laboratory5-6.tlog\link.read.1.tlog
d:\faculta\oop projects\lab 5-6\lab 5-6\x64\debug\laboratory5-6.tlog\link.write.1.tlog
